2017-10-25 11:58:33,196 ERROR j.a.Application [main] Error log
2017-10-25 11:58:33,212 WARN j.a.Application [main] WARN log
2017-10-25 11:58:33,212 INFO j.a.Application [main] INFO log
2017-10-25 11:58:33,212 DEBUG j.a.Application [main] DEBUG log
2017-10-25 11:58:33,212 TRACE j.a.Application [main] TRACE log
2017-10-25 12:33:19,906 INFO c.p.a.t.PersonStats [main] {Oslo=37.0, Malin=32.666666666666664, Kiev=32.5}
2017-10-25 12:33:37,360 INFO c.p.a.t.PersonStats [main] {Oslo=37.0, Malin=32.666666666666664, Kiev=32.5}
2017-10-25 12:35:40,941 INFO c.p.a.t.PersonStats [main] {Oslo=37.0, Malin=32.666666666666664, Kiev=32.5}
2017-10-25 12:35:40,952 INFO c.p.a.t.PersonStats [main] 3
2017-10-25 12:35:40,972 INFO c.p.a.t.PersonStats [main] Malin
2017-10-25 12:35:40,974 INFO c.p.a.t.PersonStats [main] 37
2017-10-25 12:35:40,984 INFO c.p.a.t.PersonStats [main] 29.2
2017-10-25 12:35:40,986 INFO c.p.a.t.PersonStats [main] {32=4, 17=1, 34=1, 35=1, 37=1, 10=1, 31=1}
2017-10-25 12:58:17,730 ERROR c.p.a.t.PeopleStatistics [main] Can't count Statistics for empty list
java.lang.IllegalArgumentException: null
	at com.playtika.automation.tasks.PeopleStatistics.<init>(PeopleStatistics.java:22) [classes/:?]
	at com.playtika.automation.tasks.PersonStats.main(PersonStats.java:31) [classes/:?]
2017-10-25 12:58:18,063 INFO c.p.a.t.PersonStats [main] {Oslo=37.0, Malin=32.666666666666664, Kiev=32.5}
2017-10-25 12:58:18,075 INFO c.p.a.t.PersonStats [main] 3
2017-10-25 12:58:18,099 INFO c.p.a.t.PersonStats [main] Malin
2017-10-25 12:58:18,099 INFO c.p.a.t.PersonStats [main] 37
2017-10-25 12:58:18,115 INFO c.p.a.t.PersonStats [main] 29.2
2017-10-25 12:58:18,115 INFO c.p.a.t.PersonStats [main] {32=4, 17=1, 34=1, 35=1, 37=1, 10=1, 31=1}
2017-10-25 13:20:27,822 DEBUG c.p.a.t.f.FileAndTextReader [main] Empty collection
java.nio.file.AccessDeniedException: D:\PlaytikaJavaCourses\src\main\resources\New
	at sun.nio.fs.WindowsException.translateToIOException(WindowsException.java:83) ~[?:1.8.0_144]
	at sun.nio.fs.WindowsException.rethrowAsIOException(WindowsException.java:97) ~[?:1.8.0_144]
	at sun.nio.fs.WindowsException.rethrowAsIOException(WindowsException.java:102) ~[?:1.8.0_144]
	at sun.nio.fs.WindowsFileSystemProvider.newByteChannel(WindowsFileSystemProvider.java:230) ~[?:1.8.0_144]
	at java.nio.file.Files.newByteChannel(Files.java:361) ~[?:1.8.0_144]
	at java.nio.file.Files.newByteChannel(Files.java:407) ~[?:1.8.0_144]
	at java.nio.file.spi.FileSystemProvider.newInputStream(FileSystemProvider.java:384) ~[?:1.8.0_144]
	at java.nio.file.Files.newInputStream(Files.java:152) ~[?:1.8.0_144]
	at java.nio.file.Files.newBufferedReader(Files.java:2784) ~[?:1.8.0_144]
	at java.nio.file.Files.readAllLines(Files.java:3202) ~[?:1.8.0_144]
	at java.nio.file.Files.readAllLines(Files.java:3242) ~[?:1.8.0_144]
	at com.playtika.automation.tasks.files.FileAndTextReader.readFileToStringLine(FileAndTextReader.java:48) ~[classes/:?]
	at com.playtika.automation.tasks.files.FileAndTextReader.lambda$agreateadGetWordsFrequenciesForDirectoriesFiles$1(FileAndTextReader.java:38) ~[classes/:?]
	at java.util.stream.ReferencePipeline$3$1.accept(ReferencePipeline.java:193) [?:1.8.0_144]
	at java.util.Iterator.forEachRemaining(Iterator.java:116) [?:1.8.0_144]
	at java.util.Spliterators$IteratorSpliterator.forEachRemaining(Spliterators.java:1801) [?:1.8.0_144]
	at java.util.stream.AbstractPipeline.copyInto(AbstractPipeline.java:481) [?:1.8.0_144]
	at java.util.stream.AbstractPipeline.wrapAndCopyInto(AbstractPipeline.java:471) [?:1.8.0_144]
	at java.util.stream.ReduceOps$ReduceOp.evaluateSequential(ReduceOps.java:708) [?:1.8.0_144]
	at java.util.stream.AbstractPipeline.evaluate(AbstractPipeline.java:234) [?:1.8.0_144]
	at java.util.stream.ReferencePipeline.collect(ReferencePipeline.java:499) [?:1.8.0_144]
	at com.playtika.automation.tasks.files.FileAndTextReader.agreateadGetWordsFrequenciesForDirectoriesFiles(FileAndTextReader.java:43) [classes/:?]
	at com.playtika.automation.tasks.files.Files.main(Files.java:15) [classes/:?]
2017-10-25 13:26:42,809 DEBUG c.p.a.t.f.FileAndTextReader [main] Empty collection
java.nio.file.AccessDeniedException: D:\PlaytikaJavaCourses\src\main\resources\New
	at sun.nio.fs.WindowsException.translateToIOException(WindowsException.java:83) ~[?:1.8.0_144]
	at sun.nio.fs.WindowsException.rethrowAsIOException(WindowsException.java:97) ~[?:1.8.0_144]
	at sun.nio.fs.WindowsException.rethrowAsIOException(WindowsException.java:102) ~[?:1.8.0_144]
	at sun.nio.fs.WindowsFileSystemProvider.newByteChannel(WindowsFileSystemProvider.java:230) ~[?:1.8.0_144]
	at java.nio.file.Files.newByteChannel(Files.java:361) ~[?:1.8.0_144]
	at java.nio.file.Files.newByteChannel(Files.java:407) ~[?:1.8.0_144]
	at java.nio.file.spi.FileSystemProvider.newInputStream(FileSystemProvider.java:384) ~[?:1.8.0_144]
	at java.nio.file.Files.newInputStream(Files.java:152) ~[?:1.8.0_144]
	at java.nio.file.Files.newBufferedReader(Files.java:2784) ~[?:1.8.0_144]
	at java.nio.file.Files.readAllLines(Files.java:3202) ~[?:1.8.0_144]
	at java.nio.file.Files.readAllLines(Files.java:3242) ~[?:1.8.0_144]
	at com.playtika.automation.tasks.files.FileAndTextReader.readFileToStringLine(FileAndTextReader.java:52) ~[classes/:?]
	at com.playtika.automation.tasks.files.FileAndTextReader.lambda$agreateadGetWordsFrequenciesForDirectoriesFiles$1(FileAndTextReader.java:39) ~[classes/:?]
	at java.util.stream.ReferencePipeline$3$1.accept(ReferencePipeline.java:193) [?:1.8.0_144]
	at java.util.Iterator.forEachRemaining(Iterator.java:116) [?:1.8.0_144]
	at java.util.Spliterators$IteratorSpliterator.forEachRemaining(Spliterators.java:1801) [?:1.8.0_144]
	at java.util.stream.AbstractPipeline.copyInto(AbstractPipeline.java:481) [?:1.8.0_144]
	at java.util.stream.AbstractPipeline.wrapAndCopyInto(AbstractPipeline.java:471) [?:1.8.0_144]
	at java.util.stream.ReduceOps$ReduceOp.evaluateSequential(ReduceOps.java:708) [?:1.8.0_144]
	at java.util.stream.AbstractPipeline.evaluate(AbstractPipeline.java:234) [?:1.8.0_144]
	at java.util.stream.ReferencePipeline.collect(ReferencePipeline.java:499) [?:1.8.0_144]
	at com.playtika.automation.tasks.files.FileAndTextReader.agreateadGetWordsFrequenciesForDirectoriesFiles(FileAndTextReader.java:44) [classes/:?]
	at com.playtika.automation.tasks.files.Files.main(Files.java:15) [classes/:?]
2017-10-25 13:26:42,835 ERROR c.p.a.t.f.FileAndTextReader [main] No such durectory name
java.nio.file.NoSuchFileException: D:\авуам
	at sun.nio.fs.WindowsException.translateToIOException(WindowsException.java:79) ~[?:1.8.0_144]
	at sun.nio.fs.WindowsException.rethrowAsIOException(WindowsException.java:97) ~[?:1.8.0_144]
	at sun.nio.fs.WindowsException.rethrowAsIOException(WindowsException.java:102) ~[?:1.8.0_144]
	at sun.nio.fs.WindowsDirectoryStream.<init>(WindowsDirectoryStream.java:86) ~[?:1.8.0_144]
	at sun.nio.fs.WindowsFileSystemProvider.newDirectoryStream(WindowsFileSystemProvider.java:518) ~[?:1.8.0_144]
	at java.nio.file.Files.newDirectoryStream(Files.java:457) ~[?:1.8.0_144]
	at java.nio.file.Files.list(Files.java:3451) ~[?:1.8.0_144]
	at com.playtika.automation.tasks.files.FileAndTextReader.agreateadGetWordsFrequenciesForDirectoriesFiles(FileAndTextReader.java:39) [classes/:?]
	at com.playtika.automation.tasks.files.Files.main(Files.java:18) [classes/:?]
2017-10-25 13:31:20,727 DEBUG c.p.a.t.f.FileAndTextReader [main] Empty collection
java.nio.file.AccessDeniedException: D:\PlaytikaJavaCourses\src\main\resources\New
	at sun.nio.fs.WindowsException.translateToIOException(WindowsException.java:83) ~[?:1.8.0_144]
	at sun.nio.fs.WindowsException.rethrowAsIOException(WindowsException.java:97) ~[?:1.8.0_144]
	at sun.nio.fs.WindowsException.rethrowAsIOException(WindowsException.java:102) ~[?:1.8.0_144]
	at sun.nio.fs.WindowsFileSystemProvider.newByteChannel(WindowsFileSystemProvider.java:230) ~[?:1.8.0_144]
	at java.nio.file.Files.newByteChannel(Files.java:361) ~[?:1.8.0_144]
	at java.nio.file.Files.newByteChannel(Files.java:407) ~[?:1.8.0_144]
	at java.nio.file.spi.FileSystemProvider.newInputStream(FileSystemProvider.java:384) ~[?:1.8.0_144]
	at java.nio.file.Files.newInputStream(Files.java:152) ~[?:1.8.0_144]
	at java.nio.file.Files.newBufferedReader(Files.java:2784) ~[?:1.8.0_144]
	at java.nio.file.Files.readAllLines(Files.java:3202) ~[?:1.8.0_144]
	at java.nio.file.Files.readAllLines(Files.java:3242) ~[?:1.8.0_144]
	at com.playtika.automation.tasks.files.FileAndTextReader.readFileToStringLine(FileAndTextReader.java:52) ~[classes/:?]
	at com.playtika.automation.tasks.files.FileAndTextReader.lambda$agreateadGetWordsFrequenciesForDirectoriesFiles$1(FileAndTextReader.java:39) ~[classes/:?]
	at java.util.stream.ReferencePipeline$3$1.accept(ReferencePipeline.java:193) [?:1.8.0_144]
	at java.util.Iterator.forEachRemaining(Iterator.java:116) [?:1.8.0_144]
	at java.util.Spliterators$IteratorSpliterator.forEachRemaining(Spliterators.java:1801) [?:1.8.0_144]
	at java.util.stream.AbstractPipeline.copyInto(AbstractPipeline.java:481) [?:1.8.0_144]
	at java.util.stream.AbstractPipeline.wrapAndCopyInto(AbstractPipeline.java:471) [?:1.8.0_144]
	at java.util.stream.ReduceOps$ReduceOp.evaluateSequential(ReduceOps.java:708) [?:1.8.0_144]
	at java.util.stream.AbstractPipeline.evaluate(AbstractPipeline.java:234) [?:1.8.0_144]
	at java.util.stream.ReferencePipeline.collect(ReferencePipeline.java:499) [?:1.8.0_144]
	at com.playtika.automation.tasks.files.FileAndTextReader.agreateadGetWordsFrequenciesForDirectoriesFiles(FileAndTextReader.java:44) [classes/:?]
	at com.playtika.automation.tasks.files.Files.main(Files.java:21) [classes/:?]
2017-10-25 13:31:20,753 ERROR c.p.a.t.f.FileAndTextReader [main] No such durectory name
java.nio.file.NoSuchFileException: D:\авуам
	at sun.nio.fs.WindowsException.translateToIOException(WindowsException.java:79) ~[?:1.8.0_144]
	at sun.nio.fs.WindowsException.rethrowAsIOException(WindowsException.java:97) ~[?:1.8.0_144]
	at sun.nio.fs.WindowsException.rethrowAsIOException(WindowsException.java:102) ~[?:1.8.0_144]
	at sun.nio.fs.WindowsDirectoryStream.<init>(WindowsDirectoryStream.java:86) ~[?:1.8.0_144]
	at sun.nio.fs.WindowsFileSystemProvider.newDirectoryStream(WindowsFileSystemProvider.java:518) ~[?:1.8.0_144]
	at java.nio.file.Files.newDirectoryStream(Files.java:457) ~[?:1.8.0_144]
	at java.nio.file.Files.list(Files.java:3451) ~[?:1.8.0_144]
	at com.playtika.automation.tasks.files.FileAndTextReader.agreateadGetWordsFrequenciesForDirectoriesFiles(FileAndTextReader.java:39) [classes/:?]
	at com.playtika.automation.tasks.files.Files.main(Files.java:24) [classes/:?]
2017-10-25 13:31:20,757 INFO c.p.a.t.f.Files [main] {}
2017-10-25 13:36:08,582 INFO c.p.a.t.f.FileAndTextReader [main] File path: %s; File size: %d; File creation date: %s%n
2017-10-25 13:36:08,585 INFO c.p.a.t.f.FileAndTextReader [main] File path: %s; File size: %d; File creation date: %s%n
2017-10-25 13:36:08,586 INFO c.p.a.t.f.FileAndTextReader [main] File path: %s; File size: %d; File creation date: %s%n
2017-10-25 13:36:08,587 INFO c.p.a.t.f.FileAndTextReader [main] File path: %s; File size: %d; File creation date: %s%n
2017-10-25 13:36:08,588 INFO c.p.a.t.f.FileAndTextReader [main] File path: %s; File size: %d; File creation date: %s%n
2017-10-25 13:36:08,589 INFO c.p.a.t.f.FileAndTextReader [main] File path: %s; File size: %d; File creation date: %s%n
2017-10-25 13:45:00,212 INFO c.p.a.t.f.FileAndTextReader [main] File path: %s; File size: %d; File creation date: %s%n
2017-10-25 13:45:00,216 INFO c.p.a.t.f.FileAndTextReader [main] File path: %s; File size: %d; File creation date: %s%n
2017-10-25 13:45:00,216 INFO c.p.a.t.f.FileAndTextReader [main] File path: %s; File size: %d; File creation date: %s%n
2017-10-25 13:45:00,216 INFO c.p.a.t.f.FileAndTextReader [main] File path: %s; File size: %d; File creation date: %s%n
2017-10-25 13:45:00,217 INFO c.p.a.t.f.FileAndTextReader [main] File path: %s; File size: %d; File creation date: %s%n
2017-10-25 13:45:00,217 INFO c.p.a.t.f.FileAndTextReader [main] File path: %s; File size: %d; File creation date: %s%n
2017-10-25 13:47:36,239 DEBUG c.p.a.t.f.FileAndTextReader [main] Empty collection
java.nio.file.AccessDeniedException: D:\PlaytikaJavaCourses\src\main\resources\New
	at sun.nio.fs.WindowsException.translateToIOException(WindowsException.java:83) ~[?:1.8.0_144]
	at sun.nio.fs.WindowsException.rethrowAsIOException(WindowsException.java:97) ~[?:1.8.0_144]
	at sun.nio.fs.WindowsException.rethrowAsIOException(WindowsException.java:102) ~[?:1.8.0_144]
	at sun.nio.fs.WindowsFileSystemProvider.newByteChannel(WindowsFileSystemProvider.java:230) ~[?:1.8.0_144]
	at java.nio.file.Files.newByteChannel(Files.java:361) ~[?:1.8.0_144]
	at java.nio.file.Files.newByteChannel(Files.java:407) ~[?:1.8.0_144]
	at java.nio.file.spi.FileSystemProvider.newInputStream(FileSystemProvider.java:384) ~[?:1.8.0_144]
	at java.nio.file.Files.newInputStream(Files.java:152) ~[?:1.8.0_144]
	at java.nio.file.Files.newBufferedReader(Files.java:2784) ~[?:1.8.0_144]
	at java.nio.file.Files.readAllLines(Files.java:3202) ~[?:1.8.0_144]
	at java.nio.file.Files.readAllLines(Files.java:3242) ~[?:1.8.0_144]
	at com.playtika.automation.tasks.files.FileAndTextReader.readFileToStringLine(FileAndTextReader.java:52) ~[classes/:?]
	at com.playtika.automation.tasks.files.FileAndTextReader.lambda$agreateadGetWordsFrequenciesForDirectoriesFiles$1(FileAndTextReader.java:39) ~[classes/:?]
	at java.util.stream.ReferencePipeline$3$1.accept(ReferencePipeline.java:193) [?:1.8.0_144]
	at java.util.Iterator.forEachRemaining(Iterator.java:116) [?:1.8.0_144]
	at java.util.Spliterators$IteratorSpliterator.forEachRemaining(Spliterators.java:1801) [?:1.8.0_144]
	at java.util.stream.AbstractPipeline.copyInto(AbstractPipeline.java:481) [?:1.8.0_144]
	at java.util.stream.AbstractPipeline.wrapAndCopyInto(AbstractPipeline.java:471) [?:1.8.0_144]
	at java.util.stream.ReduceOps$ReduceOp.evaluateSequential(ReduceOps.java:708) [?:1.8.0_144]
	at java.util.stream.AbstractPipeline.evaluate(AbstractPipeline.java:234) [?:1.8.0_144]
	at java.util.stream.ReferencePipeline.collect(ReferencePipeline.java:499) [?:1.8.0_144]
	at com.playtika.automation.tasks.files.FileAndTextReader.agreateadGetWordsFrequenciesForDirectoriesFiles(FileAndTextReader.java:44) [classes/:?]
	at com.playtika.automation.tasks.files.Files.main(Files.java:23) [classes/:?]
2017-10-25 13:47:36,282 INFO c.p.a.t.f.Files [main] {which=2, a=2, 323i=2, called=1, E21=2, In=2, was=2, this=3, litre=2, real=1, It=2, BMW=1, the=5, 143=2, 3=1, top=2, engine=2, produces=2, days=2, has=2, first=1}
2017-10-25 13:47:36,283 INFO c.p.a.t.f.Files [main] {}
2017-10-25 13:47:36,337 ERROR c.p.a.t.f.FileAndTextReader [main] No such durectory name
java.nio.file.NoSuchFileException: D:\авуам
	at sun.nio.fs.WindowsException.translateToIOException(WindowsException.java:79) ~[?:1.8.0_144]
	at sun.nio.fs.WindowsException.rethrowAsIOException(WindowsException.java:97) ~[?:1.8.0_144]
	at sun.nio.fs.WindowsException.rethrowAsIOException(WindowsException.java:102) ~[?:1.8.0_144]
	at sun.nio.fs.WindowsDirectoryStream.<init>(WindowsDirectoryStream.java:86) ~[?:1.8.0_144]
	at sun.nio.fs.WindowsFileSystemProvider.newDirectoryStream(WindowsFileSystemProvider.java:518) ~[?:1.8.0_144]
	at java.nio.file.Files.newDirectoryStream(Files.java:457) ~[?:1.8.0_144]
	at java.nio.file.Files.list(Files.java:3451) ~[?:1.8.0_144]
	at com.playtika.automation.tasks.files.FileAndTextReader.agreateadGetWordsFrequenciesForDirectoriesFiles(FileAndTextReader.java:39) [classes/:?]
	at com.playtika.automation.tasks.files.Files.main(Files.java:30) [classes/:?]
2017-10-25 13:47:36,340 INFO c.p.a.t.f.Files [main] {}
